java.lang.IllegalStateException: The node is not inserted in a CompilationUnit
	at com.github.javaparser.ast.Node.lambda$getSymbolResolver$6(Node.java:727)
	at java.util.Optional.orElseThrow(Optional.java:290)
	at com.github.javaparser.ast.Node.getSymbolResolver(Node.java:727)
	at com.github.javaparser.ast.expr.MethodCallExpr.resolve(MethodCallExpr.java:313)
	at com.github.javaparser.ast.expr.MethodCallExpr.resolve(MethodCallExpr.java:54)
	at repair.mutators.utils.MutatorUtilsKt.resolveDecl(MutatorUtils.kt:176)
	at repair.mutators.AccessorMethodChange.getAccessorDeclaration(AccessorMethodChange.kt:46)
	at repair.mutators.AccessorMethodChange.checkedRepair(AccessorMethodChange.kt:17)
	at repair.mutators.AccessorMethodChange.checkedRepair(AccessorMethodChange.kt:11)
	at repair.mutators.MutatorRepair.repair(MutatorRepair.kt:11)
	at repair.MorpheusRepair.mutate(MorpheusRepair.kt:52)
	at repair.MorpheusRepair.access$mutate(MorpheusRepair.kt:10)
	at repair.MorpheusRepair$revertMutation$$inlined$flatMapSequence$lambda$1.invoke(MorpheusRepair.kt:47)
	at repair.MorpheusRepair$revertMutation$$inlined$flatMapSequence$lambda$1.invoke(MorpheusRepair.kt:10)
	at kotlin.sequences.TransformingSequence$iterator$1.next(Sequences.kt:210)
	at kotlin.collections.CollectionsKt__MutableCollectionsKt.addAll(MutableCollections.kt:131)
	at repair.MorpheusRepair.revertMutation$auto_repairer(MorpheusRepair.kt:60)
	at repair.MorpheusCallableRepair$repair$patches$2.invoke(MorpheusCallableRepair.kt:16)
	at repair.MorpheusCallableRepair$repair$patches$2.invoke(MorpheusCallableRepair.kt:10)
	at kotlin.sequences.TransformingSequence$iterator$1.next(Sequences.kt:210)
	at kotlin.sequences.FlatteningSequence$iterator$1.ensureItemIterator(Sequences.kt:314)
	at kotlin.sequences.FlatteningSequence$iterator$1.hasNext(Sequences.kt:303)
	at kotlin.sequences.SequencesKt___SequencesKt.toCollection(_Sequences.kt:742)
	at kotlin.sequences.SequencesKt___SequencesKt.toMutableList(_Sequences.kt:772)
	at kotlin.sequences.SequencesKt___SequencesKt.toList(_Sequences.kt:763)
	at MainKt.main(Main.kt:255)
end
